<?xml version="1.0" encoding="UTF-8"?>
<!-- Generated by org.testng.reporters.JUnitReportReporter -->
<testsuite skipped="0" hostname="DESKTOP-B24PROE" name="test.MonthDropDownTest" tests="1" failures="0" timestamp="07 Feb 2023 20:13:36 GMT" time="3.313" errors="0">
  <testcase name="Validate_a_user_is_able_to_add_category" time="3.313" classname="test.MonthDropDownTest"/>
</testsuite> <!-- test.MonthDropDownTest -->
