<?xml version="1.0" encoding="UTF-8"?>
<!-- Generated by org.testng.reporters.JUnitReportReporter -->
<testsuite skipped="0" hostname="DESKTOP-B24PROE" name="test.DuplicatedCategoryTest" tests="1" failures="0" timestamp="25 Feb 2023 02:47:32 GMT" time="2.590" errors="0">
  <testcase name="Validate_a_user_is_Not_able_to_add_category" time="2.590" classname="test.DuplicatedCategoryTest"/>
</testsuite> <!-- test.DuplicatedCategoryTest -->
