<?xml version="1.0" encoding="UTF-8"?>
<!-- Generated by org.testng.reporters.JUnitReportReporter -->
<testsuite skipped="0" hostname="DESKTOP-B24PROE" name="test.MonthDropDownTest2" tests="1" failures="0" timestamp="26 Feb 2023 19:59:00 GMT" time="2.827" errors="0">
  <testcase name="MonthDropDownTest" time="2.827" classname="test.MonthDropDownTest2"/>
</testsuite> <!-- test.MonthDropDownTest2 -->
