<?xml version="1.0" encoding="UTF-8"?>
<!-- Generated by org.testng.reporters.JUnitReportReporter -->
<testsuite skipped="0" hostname="DESKTOP-B24PROE" name="test.AddCategoryTest" tests="1" failures="0" timestamp="07 Feb 2023 16:34:12 GMT" time="2.920" errors="0">
  <testcase name="validCustomerShouldBeAbleToCreatCustomer" time="2.920" classname="test.AddCategoryTest"/>
</testsuite> <!-- test.AddCategoryTest -->
