<?xml version="1.0" encoding="UTF-8"?>
<!-- Generated by org.testng.reporters.JUnitReportReporter -->
<testsuite skipped="0" hostname="DESKTOP-B24PROE" name="test.AddCategoryTest" tests="1" failures="0" timestamp="26 Feb 2023 14:29:28 GMT" time="3.458" errors="0">
  <testcase name="Validate_a_user_is_able_to_add_category" time="3.458" classname="test.AddCategoryTest"/>
</testsuite> <!-- test.AddCategoryTest -->
