<?xml version="1.0" encoding="UTF-8"?>
<!-- Generated by org.testng.reporters.JUnitReportReporter -->
<testsuite skipped="0" hostname="DESKTOP-B24PROE" name="test.MonthDropDownTest" tests="1" failures="0" timestamp="26 Feb 2023 14:30:14 GMT" time="3.269" errors="0">
  <testcase name="MonthDropDownTest" time="3.269" classname="test.MonthDropDownTest"/>
</testsuite> <!-- test.MonthDropDownTest -->
